Log file open, 04/16/17 12:47:29
LogInit:Display: Running engine for game: Starter1
LogPlatformFile: Not using cached read wrapper
LogInit:Display: RandInit(1286873609) SRandInit(1286873609).
LogTaskGraph: Started task graph with 5 named threads and 7 total threads with 1 sets of task threads.
LogStats: Stats thread started at 4.453275
LogInit: Using libcurl 7.47.1
LogInit:  - built for x86_64-pc-win32
LogInit:  - supports SSL with OpenSSL/1.0.2g
LogInit:  - supports HTTP deflate (compression) using libz 1.2.8
LogInit:  - other features:
LogInit:      CURL_VERSION_SSL
LogInit:      CURL_VERSION_LIBZ
LogInit:      CURL_VERSION_IPV6
LogInit:      CURL_VERSION_ASYNCHDNS
LogInit:      CURL_VERSION_LARGEFILE
LogInit:      CURL_VERSION_IDN
LogInit:  CurlRequestOptions (configurable via config and command line):
LogInit:  - bVerifyPeer = false  - Libcurl will NOT verify peer certificate
LogInit:  - bUseHttpProxy = false  - Libcurl will NOT use HTTP proxy
LogInit:  - bDontReuseConnections = false  - Libcurl will reuse connections
LogInit:  - CertBundlePath = nullptr  - Libcurl will use whatever was configured at build time.
LogInit: Build: ++UE4+Release-4.15-CL-3348071
LogInit: Engine Version: 4.15.1-3348071+++UE4+Release-4.15
LogInit: Compatible Engine Version: 4.15.0-3299760+++UE4+Release-4.15
LogInit: Net CL: 3299760
LogDevObjectVersion: Number of dev versions registered: 14
LogDevObjectVersion:   Dev-Blueprints (B0D832E4-1F89-4F0D-ACCF-7EB736FD4AA2): 8
LogDevObjectVersion:   Dev-Build (E1C64328-A22C-4D53-A36C-8E866417BD8C): 0
LogDevObjectVersion:   Dev-Core (375EC13C-06E4-48FB-B500-84F0262A717E): 2
LogDevObjectVersion:   Dev-Editor (E4B068ED-F494-42E9-A231-DA0B2E46BB41): 14
LogDevObjectVersion:   Dev-Framework (CFFC743F-43B0-4480-9391-14DF171D2073): 22
LogDevObjectVersion:   Dev-Mobile (B02B49B5-BB20-44E9-A304-32B752E40360): 0
LogDevObjectVersion:   Dev-Networking (A4E4105C-59A1-49B5-A7C5-40C4547EDFEE): 0
LogDevObjectVersion:   Dev-Online (39C831C9-5AE6-47DC-9A44-9C173E1C8E7C): 0
LogDevObjectVersion:   Dev-Physics (78F01B33-EBEA-4F98-B9B4-84EACCB95AA2): 0
LogDevObjectVersion:   Dev-Platform (6631380F-2D4D-43E0-8009-CF276956A95A): 0
LogDevObjectVersion:   Dev-Rendering (12F88B9F-8875-4AFC-A67C-D90C383ABD29): 12
LogDevObjectVersion:   Dev-Sequencer (7B5AE74C-D270-4C10-A958-57980B212A5A): 3
LogDevObjectVersion:   Dev-VR (D7296918-1DD6-4BDD-9DE2-64A83CC13884): 0
LogDevObjectVersion:   Dev-LoadTimes (C2A15278-BFE7-4AFE-6C17-90FF531DF755): 1
LogInit: Compiled (64-bit): Mar 15 2017 16:52:47
LogInit: Compiled with Visual C++: 19.00.23026.00
LogInit: Build Configuration: Development
LogInit: Branch Name: ++UE4+Release-4.15
LogInit: Command line:  
LogInit: Base directory: C:/Program Files/Epic Games/UE_4.15/Engine/Binaries/Win64/
LogInit: Installed Engine Build: 1
LogInit: Presizing for max 8388607 objects, including 0 objects not considered by GC, pre-allocating 0 bytes for permanent pool.
LogInit: Object subsystem initialized
[2017.04.16-19.47.32:115][  0]LogInit: Selected Device Profile: [Windows]
[2017.04.16-19.47.32:115][  0]LogInit: Applying CVar settings loaded from the selected device profile: [Windows]
[2017.04.16-19.47.32:237][  0]LogInit: Computer: FRED
[2017.04.16-19.47.32:237][  0]LogInit: User: Paul
[2017.04.16-19.47.32:237][  0]LogInit: CPU Page size=65536, Cores=3
[2017.04.16-19.47.32:237][  0]LogInit: High frequency timer resolution =4.127110 MHz
[2017.04.16-19.47.32:237][  0]LogMemory: Memory total: Physical=15.9GB (16GB approx)
[2017.04.16-19.47.32:237][  0]LogMemory: Platform Memory Stats for Windows
[2017.04.16-19.47.32:237][  0]LogMemory: Process Physical Memory: 263.20 MB used, 263.20 MB peak
[2017.04.16-19.47.32:237][  0]LogMemory: Process Virtual Memory: 262.57 MB used, 262.57 MB peak
[2017.04.16-19.47.32:237][  0]LogMemory: Physical Memory: 7035.49 MB used,  9248.01 MB free, 16283.50 MB total
[2017.04.16-19.47.32:237][  0]LogMemory: Virtual Memory: 630.18 MB used,  9248.01 MB free, 134217728.00 MB total
[2017.04.16-19.47.34:126][  0]LogTextLocalizationManager: No specific translations for ('en-US') exist, so ('en') translations will be used.
[2017.04.16-19.47.38:624][  0]LogD3D11RHI: D3D11 adapters:
[2017.04.16-19.47.38:694][  0]LogD3D11RHI:    0. 'Radeon (TM) RX 480 Graphics' (Feature Level 11_0)
[2017.04.16-19.47.38:694][  0]LogD3D11RHI:       8140/0/8141 MB DedicatedVideo/DedicatedSystem/SharedSystem, Outputs:2, VendorId:0x1002
[2017.04.16-19.47.38:697][  0]LogD3D11RHI:    1. 'Microsoft Basic Render Driver' (Feature Level 11_0)
[2017.04.16-19.47.38:697][  0]LogD3D11RHI:       0/0/8141 MB DedicatedVideo/DedicatedSystem/SharedSystem, Outputs:0, VendorId:0x1414
[2017.04.16-19.47.38:697][  0]LogD3D11RHI: Chosen D3D11 Adapter: 0
[2017.04.16-19.47.38:725][  0]LogD3D11RHI: Creating new Direct3DDevice
[2017.04.16-19.47.38:725][  0]LogD3D11RHI:     GPU DeviceId: 0x67df (for the marketing name, search the web for "GPU Device Id")
[2017.04.16-19.47.38:725][  0]LogWindows: EnumDisplayDevices:
[2017.04.16-19.47.38:725][  0]LogWindows:    0. 'Radeon (TM) RX 480 Graphics' (P:1 D:1)
[2017.04.16-19.47.38:725][  0]LogWindows:    1. 'Radeon (TM) RX 480 Graphics' (P:0 D:1)
[2017.04.16-19.47.38:727][  0]LogWindows:    2. 'Radeon (TM) RX 480 Graphics' (P:0 D:0)
[2017.04.16-19.47.38:727][  0]LogWindows:    3. 'Radeon (TM) RX 480 Graphics' (P:0 D:0)
[2017.04.16-19.47.38:728][  0]LogWindows:    4. 'Radeon (TM) RX 480 Graphics' (P:0 D:0)
[2017.04.16-19.47.38:728][  0]LogWindows:    5. 'Radeon (TM) RX 480 Graphics' (P:0 D:0)
[2017.04.16-19.47.38:729][  0]LogWindows: DebugString: FoundDriverCount:6 
[2017.04.16-19.47.38:729][  0]LogD3D11RHI:     Adapter Name: Radeon (TM) RX 480 Graphics
[2017.04.16-19.47.38:729][  0]LogD3D11RHI:   Driver Version: Crimson 16.6 (internal:21.19.137.514, unified:21.19.137.514)
[2017.04.16-19.47.38:729][  0]LogD3D11RHI:      Driver Date: 11-21-2016
[2017.04.16-19.47.38:729][  0]LogRHI: Texture pool is 1361 MB (70% of 1945 MB)
[2017.04.16-19.47.39:017][  0]LogD3D11RHI: Async texture creation enabled
[2017.04.16-19.47.39:444][  0]LogD3D11RHI: GPU Timing Frequency: 25.000000 (Debug: 2 1)
[2017.04.16-19.47.39:503][  0]LogShaderCompilers: Guid format shader working directory is -19 characters bigger than the processId version (../../../../../../Users/Paul/Documents/Unreal Projects/Starter1/Intermediate/Shaders/WorkingDirectory/26628/).
[2017.04.16-19.47.39:503][  0]LogShaderCompilers: Cleaned the shader compiler working directory 'C:/Users/Paul/AppData/Local/Temp/UnrealShaderWorkingDir/6943A7CB4341625915E56486ABE95620/'.
[2017.04.16-19.47.39:503][  0]LogShaderCompilers:Display: Using Local Shader Compiler.
[2017.04.16-19.47.47:396][  0]LogTemp:Display: Loaded TP AllDesktopTargetPlatform
[2017.04.16-19.47.47:521][  0]LogTemp:Display: Loaded TP MacClientTargetPlatform
[2017.04.16-19.47.47:649][  0]LogTemp:Display: Loaded TP MacNoEditorTargetPlatform
[2017.04.16-19.47.47:777][  0]LogTemp:Display: Loaded TP MacServerTargetPlatform
[2017.04.16-19.47.47:930][  0]LogTemp:Display: Loaded TP MacTargetPlatform
[2017.04.16-19.47.48:062][  0]LogTemp:Display: Loaded TP WindowsClientTargetPlatform
[2017.04.16-19.47.48:185][  0]LogTemp:Display: Loaded TP WindowsNoEditorTargetPlatform
[2017.04.16-19.47.48:311][  0]LogTemp:Display: Loaded TP WindowsServerTargetPlatform
[2017.04.16-19.47.48:431][  0]LogTemp:Display: Loaded TP WindowsTargetPlatform
[2017.04.16-19.47.48:561][  0]LogTemp:Display: Loaded TP AndroidTargetPlatform
[2017.04.16-19.47.48:690][  0]LogTemp:Display: Loaded TP Android_ASTCTargetPlatform
[2017.04.16-19.47.48:805][  0]LogTemp:Display: Loaded TP Android_ATCTargetPlatform
[2017.04.16-19.47.48:923][  0]LogTemp:Display: Loaded TP Android_DXTTargetPlatform
[2017.04.16-19.47.49:047][  0]LogTemp:Display: Loaded TP Android_ETC1TargetPlatform
[2017.04.16-19.47.49:169][  0]LogTemp:Display: Loaded TP Android_ETC2TargetPlatform
[2017.04.16-19.47.49:406][  0]LogTemp:Display: Loaded TP Android_MultiTargetPlatform
[2017.04.16-19.47.49:406][  0]LogTemp:Display: Loaded TP Android_PVRTCTargetPlatform
[2017.04.16-19.47.49:508][  0]LogTemp:Display: Loaded TP HTML5TargetPlatform
[2017.04.16-19.47.49:787][  0]LogTemp:Display: Loaded TP IOSTargetPlatform
[2017.04.16-19.47.49:859][  0]LogTemp:Display: Loaded TP TVOSTargetPlatform
[2017.04.16-19.47.49:981][  0]LogTemp:Display: Loaded TP LinuxClientTargetPlatform
[2017.04.16-19.47.50:094][  0]LogTemp:Display: Loaded TP LinuxNoEditorTargetPlatform
[2017.04.16-19.47.50:215][  0]LogTemp:Display: Loaded TP LinuxServerTargetPlatform
[2017.04.16-19.47.50:391][  0]LogTemp:Display: Loaded TP LinuxTargetPlatform
[2017.04.16-19.47.50:391][  0]LogTargetPlatformManager:Display: Building Assets For Windows
[2017.04.16-19.47.52:973][  0]LogDerivedDataCache:Display: Max Cache Size: 512 MB
[2017.04.16-19.47.53:357][  0]LogDerivedDataCache: Loaded boot cache 0.38s 50MB C:/Users/Paul/AppData/Local/UnrealEngine/4.15/DerivedDataCache/Boot.ddc.
[2017.04.16-19.47.53:357][  0]LogDerivedDataCache:Display: Loaded Boot cache: C:/Users/Paul/AppData/Local/UnrealEngine/4.15/DerivedDataCache/Boot.ddc
[2017.04.16-19.47.53:357][  0]LogDerivedDataCache: FDerivedDataBackendGraph:  Pak pak cache file ../../../../../../Users/Paul/Documents/Unreal Projects/Starter1/DerivedDataCache/DDC.ddp not found, will not use a pak cache.
[2017.04.16-19.47.53:357][  0]LogDerivedDataCache: Unable to find inner node Pak for hierarchical cache Hierarchy.
[2017.04.16-19.47.53:358][  0]LogDerivedDataCache: FDerivedDataBackendGraph:  CompressedPak pak cache file ../../../../../../Users/Paul/Documents/Unreal Projects/Starter1/DerivedDataCache/Compressed.ddp not found, will not use a pak cache.
[2017.04.16-19.47.53:358][  0]LogDerivedDataCache: Unable to find inner node CompressedPak for hierarchical cache Hierarchy.
[2017.04.16-19.47.53:440][  0]LogDerivedDataCache:Display: Pak cache opened for reading ../../../Engine/DerivedDataCache/Compressed.ddp.
[2017.04.16-19.47.53:481][  0]LogDerivedDataCache: Using Local data cache path C:/Users/Paul/AppData/Local/UnrealEngine/Common/DerivedDataCache: Writable
[2017.04.16-19.47.53:722][  0]LogSlate: Using Freetype 2.6.0
[2017.04.16-19.47.53:944][  0]LogSlate: SlateFontCache - WITH_FREETYPE: 1, WITH_HARFBUZZ: 1
[2017.04.16-19.47.53:944][  0]LogSlate: SlateFontCache - WITH_FREETYPE: 1, WITH_HARFBUZZ: 1
[2017.04.16-19.48.07:999][  0]LogInit: Selected Device Profile: [Windows]
[2017.04.16-19.48.08:101][  0]LogContentStreaming: Texture pool size is 0.00 MB
[2017.04.16-19.48.09:199][  0]LogMeshUtilities: Using QuadricMeshReduction for automatic static mesh reduction
[2017.04.16-19.48.09:315][  0]LogSimplygon: Simplygon DLL not present - disabling.
[2017.04.16-19.48.09:448][  0]LogMeshUtilities: Using SimplygonSwarm for distributed automatic mesh merging
[2017.04.16-19.48.09:448][  0]LogMeshUtilities: No automatic skeletal mesh reduction module available
[2017.04.16-19.48.09:448][  0]LogMeshUtilities: No automatic mesh merging module available
[2017.04.16-19.48.16:471][  0]LogNetVersion: GetLocalNetworkVersion: CL: 3299760, ProjectName: starter1, ProjectVersion: , EngineNetworkVersion: 2, GameNetworkVersion: 0, NetworkChecksum: 1381029501
[2017.04.16-19.48.17:029][  0]LogAssetRegistry: FAssetRegistry took 0.0256 seconds to start up
[2017.04.16-19.48.17:257][  0]LogPackageLocalizationCache: Processed 3 localized package path(s) for 2 prioritized culture(s) in 0.115945 seconds
[2017.04.16-19.48.17:277][  0]LogUObjectArray: 32493 objects as part of root set at end of initial load.
[2017.04.16-19.48.17:277][  0]LogUObjectAllocator: 7077032 out of 0 bytes used by permanent object pool.
[2017.04.16-19.48.17:277][  0]LogUObjectArray: CloseDisregardForGC: 0/0 objects in disregard for GC pool
[2017.04.16-19.48.17:454][  0]LogInit: WinSock: version 1.1 (2.2), MaxSocks=32767, MaxUdp=65467
[2017.04.16-19.48.40:612][  0]LogTcpMessaging: Initializing TcpMessaging bridge
[2017.04.16-19.48.40:713][  0]LogUdpMessaging: Initializing bridge on interface 0.0.0.0:0 to multicast group 230.0.0.1:6666.
[2017.04.16-19.48.42:875][  0]LogMaterial: Uniform references updated for custom material expression Custom.
[2017.04.16-19.48.44:699][  0]SourceControl: Info Source control is disabled
[2017.04.16-19.48.45:129][  0]SourceControl: Info Source control is disabled
[2017.04.16-19.48.45:273][  0]SourceControl: Info Source control is disabled
[2017.04.16-19.48.45:464][  0]SourceControl: Info Source control is disabled
[2017.04.16-19.48.50:118][  0]LogEngine: Initializing Engine...
[2017.04.16-19.48.50:119][  0]LogHMD: Failed to initialize OpenVR with code 110
[2017.04.16-19.48.51:468][  0]LogAIModule: Creating AISystem for world Untitled
[2017.04.16-19.48.51:665][  0]LogInit: XAudio2 using 'Speakers (Logitech USB Headset H540)' : 2 channels at 44.1 kHz using 16 bits per sample (channel mask 0x3)
[2017.04.16-19.48.51:773][  0]LogInit: FAudioDevice initialized.
[2017.04.16-19.48.51:826][  0]LogDerivedDataCache: Saved boot cache 0.05s 50MB C:/Users/Paul/AppData/Local/UnrealEngine/4.15/DerivedDataCache/Boot.ddc.
[2017.04.16-19.48.51:844][  0]LogInit: Texture streaming: Enabled
[2017.04.16-19.48.52:145][  0]LogEngineSessionManager: EngineSessionManager initialized
[2017.04.16-19.48.52:631][  0]LogInit: Transaction tracking system initialized
[2017.04.16-19.48.53:910][  0]BlueprintLog: New page: Editor Load
[2017.04.16-19.48.57:126][  0]LocalizationService: Info Localization service is disabled
[2017.04.16-19.48.59:345][  0]LogConsoleResponse:Display: 
[2017.04.16-19.49.01:290][  0]LogFileCache: Scanning file cache for directory 'C:/Users/Paul/Documents/Unreal Projects/Starter1/Content/' took 0.04s
[2017.04.16-19.49.01:290][  0]LogCook:Display: Max memory allowance for cook 16384mb min free memory 0mb
[2017.04.16-19.49.01:291][  0]LogCook:Display: Mobile HDR setting 1
[2017.04.16-19.49.04:775][  0]SourceControl: Info Source control is disabled
[2017.04.16-19.49.04:805][  0]Cmd: MAP LOAD FILE="../../../../../../Users/Paul/Documents/Unreal Projects/Starter1/Content/TopDownBP/Maps/TopDownExampleMap.umap" TEMPLATE=0 SHOWPROGRESS=1 FEATURELEVEL=3
[2017.04.16-19.49.04:846][  0]LightingResults: New page: Lighting Build
[2017.04.16-19.49.05:060][  0]MapCheck: New page: Map Check
[2017.04.16-19.49.05:060][  0]LightingResults: New page: Lighting Build
[2017.04.16-19.49.08:278][  0]LogAIModule: Creating AISystem for world TopDownExampleMap
[2017.04.16-19.49.08:850][  0]LogEditorServer: Finished looking for orphan Actors (0.000 secs)
[2017.04.16-19.49.08:887][  0]Cmd: MAP CHECKDEP NOCLEARLOG
[2017.04.16-19.49.09:017][  0]MapCheck: Info Map check complete: 0 Error(s), 0 Warning(s), took 129.971ms to complete.
[2017.04.16-19.49.09:017][  0]LogFileHelpers: Loading map 'TopDownExampleMap' took 4.221
[2017.04.16-19.49.10:694][  0]LogCollectionManager: Loaded 0 collections in 0.003324 seconds
[2017.04.16-19.49.10:978][  0]LogFileCache: Scanning file cache for directory 'C:/Users/Paul/Documents/Unreal Projects/Starter1/Saved/Collections/' took 0.01s
[2017.04.16-19.49.10:978][  0]LogFileCache: Scanning file cache for directory 'C:/Users/Paul/Documents/Unreal Projects/Starter1/Content/Developers/Paul/Collections/' took 0.01s
[2017.04.16-19.49.10:978][  0]LogFileCache: Scanning file cache for directory 'C:/Users/Paul/Documents/Unreal Projects/Starter1/Content/Collections/' took 0.01s
[2017.04.16-19.49.10:978][  0]LogCollectionManager: Rebuilt the GUID cache for 0 collections in 0.000002 seconds
[2017.04.16-19.49.10:994][  0]LogContentBrowser: Native class hierarchy populated in 0.0143 seconds. Added 2245 classes and 453 folders.
[2017.04.16-19.49.11:012][  0]LogStats: UGameplayTagsManager::ConstructGameplayTagTree: Construct from data asset -  0.000 s
[2017.04.16-19.49.11:012][  0]LogStats: UGameplayTagsManager::ConstructGameplayTagTree: GameplayTagTreeChangedEvent.Broadcast -  0.000 s
[2017.04.16-19.49.11:172][  0]LogContentBrowser: Native class hierarchy updated for 'WidgetCarousel' in 0.0007 seconds. Added 0 classes and 0 folders.
[2017.04.16-19.49.12:316][  0]LogContentBrowser: Native class hierarchy updated for 'AddContentDialog' in 0.0008 seconds. Added 0 classes and 0 folders.
[2017.04.16-19.49.12:485][  0]LogContentBrowser: Native class hierarchy updated for 'SceneOutliner' in 0.0007 seconds. Added 1 classes and 2 folders.
[2017.04.16-19.49.12:842][  0]LogCrashTracker: Crashtracker disabled due to settings.
[2017.04.16-19.49.14:400][  0]LogContentBrowser: Native class hierarchy updated for 'HierarchicalLODOutliner' in 0.0018 seconds. Added 1 classes and 2 folders.
[2017.04.16-19.49.14:401][  0]LogLoad: (Engine Initialization) Total time: 118.49 seconds
[2017.04.16-19.49.14:401][  0]LogLoad: (Engine Initialization) Total Blueprint compile time: 0.94 seconds
[2017.04.16-19.49.14:401][  0]LogExternalProfiler: Found external profiler: VSPerf
[2017.04.16-19.49.14:401][  0]LogExternalProfiler: Using external profiler: VSPerf
[2017.04.16-19.49.14:761][  0]LogOcInput: OculusInput pre-init called
[2017.04.16-19.49.15:109][  0]LogContentStreaming: Texture pool size now 1000 MB
[2017.04.16-19.49.15:559][  0]LogSlate: Took 0.153756 seconds to synchronously load lazily loaded font '../../../Engine/Content/Slate/Fonts/Roboto-Regular.ttf' (155K)
[2017.04.16-19.49.15:765][  0]LogSlate: Took 0.193236 seconds to synchronously load lazily loaded font '../../../Engine/Content/Slate/Fonts/Roboto-Bold.ttf' (160K)
[2017.04.16-19.49.16:071][  0]LogSlate: Took 0.152102 seconds to synchronously load lazily loaded font '../../../Engine/Content/Editor/Slate/Fonts/FontAwesome.ttf' (139K)
[2017.04.16-19.49.18:585][  0]LogRenderer: Reallocating scene render targets to support 1208x580 NumSamples 1 (Frame:2).
[2017.04.16-19.49.19:869][  0]LogSlate: Took 0.011065 seconds to synchronously load lazily loaded font '../../../Engine/Content/Slate/Fonts/Roboto-Light.ttf' (159K)
[2017.04.16-19.49.20:712][  3]LogAssetRegistry: Asset discovery search completed in 63.7075 seconds
[2017.04.16-19.49.20:747][  3]LogCollectionManager: Rebuilt the object cache for 0 collections in 0.000010 seconds (found 0 objects)
[2017.04.16-19.49.20:747][  3]LogCollectionManager: Fixed up redirectors for 0 collections in 0.035371 seconds (updated 0 objects)
[2017.04.16-19.50.00:854][407]LogSourceControl:Error: '../../../../../../Users/Paul/Documents/Unreal Projects/Starter1/' is not part of a Git repository
[2017.04.16-19.50.22:758][  4]SourceControl:Error: Error fatal: Not a git repository: 'C:/Users/Paul/Documents/Unreal Projects/Starter1/.git'
[2017.04.16-19.50.22:774][  4]SourceControl:Error: Error Failed to enable Git source control. You need to initialize the project as a Git repository first.
[2017.04.16-19.50.49:644][202]SourceControl:Error: Error fatal: Not a git repository: 'C:/Users/Paul/Documents/Unreal Projects/Starter1/.git'
[2017.04.16-19.50.49:644][202]SourceControl:Error: Error Failed to enable Git source control. You need to initialize the project as a Git repository first.
[2017.04.16-21.55.54:780][861]SourceControl: Info On branch master
[2017.04.16-21.55.54:780][861]SourceControl: Info nothing to commit, working tree clean
[2017.04.16-21.57.25:018][135]SourceControl: Info fatal: C:/Program Files/Epic Games/UE_4.15/Engine/Content/: 'C:/Program Files/Epic Games/UE_4.15/Engine/Content/' is outside repository
[2017.04.16-21.57.25:274][135]LogPackageName:Error: Illegal call to DoesPackageExist: '../../../../../../Users/Paul/Documents/Unreal Projects/Starter1/Starter1.uproject' is not a standard unreal filename or a long path name. Reason: Path should be no less than 4 characters long.
[2017.04.16-21.57.25:796][135]LogStats: FPlatformStackWalk::StackWalkAndDump -  0.522 s
[2017.04.16-21.57.25:796][135]LogOutputDevice:Error: === Handled ensure: ===
[2017.04.16-21.57.25:796][135]LogOutputDevice:Error: 
[2017.04.16-21.57.25:796][135]LogOutputDevice:Error: Ensure condition failed: false [File:D:\Build\++UE4+Release-4.15+Compile\Sync\Engine\Source\Runtime\CoreUObject\Private\Misc\PackageName.cpp] [Line: 650]
[2017.04.16-21.57.25:796][135]LogOutputDevice:Error: Illegal call to DoesPackageExist: '../../../../../../Users/Paul/Documents/Unreal Projects/Starter1/Starter1.uproject' is not a standard unreal filename or a long path name. Reason: Path should be no less than 4 characters long.
[2017.04.16-21.57.25:796][135]LogOutputDevice:Error: Stack: 
[2017.04.16-21.57.25:796][135]LogOutputDevice:Error: UE4Editor-Core.dll!0x000000001A4B95E6
[2017.04.16-21.57.25:796][135]LogOutputDevice:Error: UE4Editor-Core.dll!0x000000001A269B82
[2017.04.16-21.57.25:796][135]LogOutputDevice:Error: UE4Editor-Core.dll!0x000000001A27B666
[2017.04.16-21.57.25:796][135]LogOutputDevice:Error: UE4Editor-CoreUObject.dll!0x0000000019C4A6B8
[2017.04.16-21.57.25:796][135]LogOutputDevice:Error: UE4Editor-SourceControl.dll!0x00000000084F3D22
[2017.04.16-21.57.25:796][135]LogOutputDevice:Error: UE4Editor-SourceControl.dll!0x00000000084F3EB9
[2017.04.16-21.57.25:796][135]LogOutputDevice:Error: UE4Editor-SourceControlWindows.dll!0x0000000005231D2E
[2017.04.16-21.57.25:796][135]LogOutputDevice:Error: UE4Editor-SourceControlWindows.dll!0x00000000051EB4B5
[2017.04.16-21.57.25:796][135]LogOutputDevice:Error: UE4Editor-SourceControlWindows.dll!0x00000000051EAA8D
[2017.04.16-21.57.25:796][135]LogOutputDevice:Error: UE4Editor-SourceControlWindows.dll!0x00000000051FF274
[2017.04.16-21.57.25:796][135]LogOutputDevice:Error: UE4Editor-GitSourceControl.dll!0x00000000FE9AB851
[2017.04.16-21.57.25:796][135]LogOutputDevice:Error: UE4Editor-GitSourceControl.dll!0x00000000FE9BD1ED
[2017.04.16-21.57.25:796][135]LogOutputDevice:Error: UE4Editor-SourceControl.dll!0x00000000084F9C5C
[2017.04.16-21.57.25:796][135]LogOutputDevice:Error: UE4Editor-UnrealEd.dll!0x0000000015427517
[2017.04.16-21.57.25:796][135]LogOutputDevice:Error: UE4Editor-UnrealEd.dll!0x0000000015C32086
[2017.04.16-21.57.25:796][135]LogOutputDevice:Error: UE4Editor.exe!0x000000003808DEE3
[2017.04.16-21.57.25:796][135]LogOutputDevice:Error: UE4Editor.exe!0x000000003807EB40
[2017.04.16-21.57.25:796][135]LogOutputDevice:Error: UE4Editor.exe!0x000000003807EBBA
[2017.04.16-21.57.25:797][135]LogOutputDevice:Error: UE4Editor.exe!0x0000000038090A29
[2017.04.16-21.57.25:797][135]LogOutputDevice:Error: UE4Editor.exe!0x00000000380922B6
[2017.04.16-21.57.25:797][135]LogOutputDevice:Error: KERNEL32.DLL!0x0000000058748364
[2017.04.16-21.57.25:797][135]LogOutputDevice:Error: ntdll.dll!0x00000000593570D1
[2017.04.16-21.57.25:797][135]LogOutputDevice:Error: 
[2017.04.16-21.57.25:805][135]LogStats:                SubmitErrorReport -  0.000 s
